[debug] [2022-08-12T08:16:14.935Z] ----------------------------------------------------------------------
[debug] [2022-08-12T08:16:14.943Z] Command:       C:\Program Files\nodejs\node.exe C:\Users\ASUS\AppData\Roaming\npm\node_modules\firebase-tools\lib\bin\firebase.js emulators:start
[debug] [2022-08-12T08:16:14.945Z] CLI Version:   11.6.0
[debug] [2022-08-12T08:16:14.946Z] Platform:      win32
[debug] [2022-08-12T08:16:14.947Z] Node Version:  v16.15.1
[debug] [2022-08-12T08:16:14.949Z] Time:          Fri Aug 12 2022 15:16:14 GMT+0700 (Western Indonesia Time)
[debug] [2022-08-12T08:16:14.950Z] ----------------------------------------------------------------------
[debug] 
[debug] [2022-08-12T08:16:15.353Z] > command requires scopes: ["email","openid","https://www.googleapis.com/auth/cloudplatformprojects.readonly","https://www.googleapis.com/auth/firebase","https://www.googleapis.com/auth/cloud-platform"]
[debug] [2022-08-12T08:16:15.355Z] > authorizing via signed-in user (imroatunhasana@gmail.com)
[info] i  emulators: Starting emulators: hosting {"metadata":{"emulator":{"name":"hub"},"message":"Starting emulators: hosting"}}
[debug] [2022-08-12T08:16:15.669Z] [hub] writing locator at C:\Users\ASUS\AppData\Local\Temp\hub-windbnbchallengenew.json
[debug] [2022-08-12T08:16:16.214Z] >>> [apiv2][query] GET https://firebasehosting.googleapis.com/v1beta1/projects/windbnbchallengenew/sites 
[debug] [2022-08-12T08:16:17.536Z] <<< [apiv2][status] GET https://firebasehosting.googleapis.com/v1beta1/projects/windbnbchallengenew/sites 200
[debug] [2022-08-12T08:16:17.538Z] <<< [apiv2][body] GET https://firebasehosting.googleapis.com/v1beta1/projects/windbnbchallengenew/sites {"sites":[{"name":"projects/windbnbchallengenew/sites/windbnbchallengenew","defaultUrl":"https://windbnbchallengenew.web.app","appId":"1:763778970079:web:f627dbb353582ef1b7146a","type":"DEFAULT_SITE"}]}
[debug] [2022-08-12T08:16:17.539Z] >>> [apiv2][query] GET https://firebase.googleapis.com/v1beta1/projects/windbnbchallengenew/webApps/1:763778970079:web:f627dbb353582ef1b7146a/config [none]
[debug] [2022-08-12T08:16:18.796Z] <<< [apiv2][status] GET https://firebase.googleapis.com/v1beta1/projects/windbnbchallengenew/webApps/1:763778970079:web:f627dbb353582ef1b7146a/config 200
[debug] [2022-08-12T08:16:18.797Z] <<< [apiv2][body] GET https://firebase.googleapis.com/v1beta1/projects/windbnbchallengenew/webApps/1:763778970079:web:f627dbb353582ef1b7146a/config {"projectId":"windbnbchallengenew","appId":"1:763778970079:web:f627dbb353582ef1b7146a","storageBucket":"windbnbchallengenew.appspot.com","apiKey":"AIzaSyBT7sCG-Yzgr1uJ9Fg5n7Iqq8pwCXSvp40","authDomain":"windbnbchallengenew.firebaseapp.com","messagingSenderId":"763778970079","measurementId":"G-R0JN96JXFM"}
[info] i  hosting: Serving hosting files from: build {"metadata":{"emulator":{"name":"hosting"},"message":"Serving hosting files from: \u001b[1mbuild\u001b[22m"}}
[info] +  hosting: Local server: http://localhost:5000 {"metadata":{"emulator":{"name":"hosting"},"message":"Local server: \u001b[4m\u001b[1mhttp://localhost:5000\u001b[22m\u001b[24m"}}
[warn] !  emulators: The Emulator UI is not starting, either because none of the emulated products have an interaction layer in Emulator UI or it cannot determine the Project ID. Pass the --project flag to specify a project. {"metadata":{"emulator":{"name":"hub"},"message":"The Emulator UI is not starting, either because none of the emulated products have an interaction layer in Emulator UI or it cannot determine the Project ID. Pass the --project flag to specify a project."}}
[info] 
┌─────────────────────────────────────────────────────────────┐
│ ✔  All emulators ready! It is now safe to connect your app. │
└─────────────────────────────────────────────────────────────┘

┌──────────┬────────────────┐
│ Emulator │ Host:Port      │
├──────────┼────────────────┤
│ Hosting  │ localhost:5000 │
└──────────┴────────────────┘
  Emulator Hub running at localhost:4400
  Other reserved ports: 4500

Issues? Report them at https://github.com/firebase/firebase-tools/issues and attach the *-debug.log files.
 
[debug] [2022-08-12T08:40:57.902Z] Received signal SIGHUP 1
